I0101 08:31:08.275963    5024 load.go:31] Reloading schema and connectors...
I0101 08:31:08.476232    5024 control.go:94] [/emulator/pho-viet d22d] UpdateResources(): done
Main schema: sources: schema/schema.gql [676B] 
Connector "example": sources: example/queries.gql [1002B] 
I0101 08:31:08.635621    5024 codegen.go:80] [connector "example" javascriptSdk] Generating sources into "/home/user/Pho-Viet/src/dataconnect-generated"
I0101 08:31:08.699057    5024 collector.go:107] schema extensions wrote into "/home/user/Pho-Viet/dataconnect/.dataconnect/schema"
Generated sources: main/implicit.gql [2029B] prelude.gql [73219B] main/input.gql [45707B] main/relation.gql [22692B] main/query.gql [6310B] main/mutation.gql [16995B] 
I0101 08:31:08.705825    5024 collector.go:107] connector "example" javascriptSdk wrote into "/home/user/Pho-Viet/src/dataconnect-generated"
Generated sources: index.d.ts [3730B] esm/index.esm.js [1617B] esm/package.json [17B] index.cjs.js [1872B] react/esm/index.esm.js [1552B] react/README.md [26978B] react/index.cjs.js [1637B] .guides/setup.md [1682B] package.json [863B] README.md [19660B] react/package.json [460B] react/esm/package.json [17B] react/index.d.ts [1868B] .guides/usage.md [2152B] .guides/config.json [236B] 
I0101 08:31:08.707199    5024 installsdk.go:86] Running command: /usr/bin/npm install file:src/dataconnect-generated
E0101 08:31:10.760410    5024 installsdk.go:88] Failed to install package: exit status 1
I0101 08:31:10.760512    5024 load.go:109] Finished reloading
I0101 08:31:10.766681    5024 dev.go:104] Listening on address (HTTP + gRPC): 127.0.0.1:9399
I0101 08:31:21.097246    5024 migrate.go:24] Running migration SQL:
Step 1: CREATE EXTENSION IF NOT EXISTS "uuid-ossp"
Step 2: CREATE TABLE "public"."ingredient" ("id" uuid NOT NULL DEFAULT uuid_generate_v4(), "current_stock" integer NOT NULL, "min_stock_alert" integer NULL, "name" text NOT NULL, "supplier_info" text NULL, "unit" text NOT NULL, PRIMARY KEY ("id"))
Step 3: CREATE TABLE "public"."user" ("id" uuid NOT NULL DEFAULT uuid_generate_v4(), "display_name" text NULL, "email" text NULL, "password_hash" text NOT NULL, "role" text NOT NULL, "username" text NOT NULL, PRIMARY KEY ("id"))
Step 4: CREATE TABLE "public"."order" ("id" uuid NOT NULL DEFAULT uuid_generate_v4(), "taken_by_id" uuid NULL, "customer_name" text NULL, "order_number" text NOT NULL, "order_time" timestamptz NOT NULL, "special_instructions" text NULL, "status" text NOT NULL, "total_price" double precision NULL, PRIMARY KEY ("id"), CONSTRAINT "order_taken_by_id_fkey" FOREIGN KEY ("taken_by_id") REFERENCES "public"."user" ("id") ON DELETE SET NULL)
Step 5: CREATE INDEX "order_takenById_idx" ON "public"."order" ("taken_by_id")
Step 6: CREATE TABLE "public"."menu_item" ("id" uuid NOT NULL DEFAULT uuid_generate_v4(), "description" text NULL, "image_url" text NULL, "is_available" boolean NULL, "name" text NOT NULL, "price" double precision NOT NULL, "type" text NOT NULL, PRIMARY KEY ("id"))
Step 7: CREATE TABLE "public"."order_item" ("id" uuid NOT NULL DEFAULT uuid_generate_v4(), "menu_item_id" uuid NOT NULL, "order_id" uuid NOT NULL, "notes" text NULL, "quantity" integer NOT NULL, "unit_price" double precision NOT NULL, PRIMARY KEY ("id"), CONSTRAINT "order_item_menu_item_id_fkey" FOREIGN KEY ("menu_item_id") REFERENCES "public"."menu_item" ("id") ON DELETE CASCADE, CONSTRAINT "order_item_order_id_fkey" FOREIGN KEY ("order_id") REFERENCES "public"."order" ("id") ON DELETE CASCADE)
Step 8: CREATE INDEX "order_item_menuItemId_idx" ON "public"."order_item" ("menu_item_id")
Step 9: CREATE INDEX "order_item_orderId_idx" ON "public"."order_item" ("order_id")
I0101 08:31:22.561504    5024 control.go:94] [/emulator/pho-viet 0bd7] UpdateResources(): done
Main schema: sources: schema/schema.gql [676B] 
Connector "example": sources: example/queries.gql [1002B] 
